<?xml version="1.0" encoding="UTF-8" ?>
<testsuite errors="1" failures="0" hostname="tulio" name="testes.TestValores" skipped="0" tests="1" time="0.0" timestamp="2018-11-10T19:05:38">
  <properties>
    <property name="ant.project.invoked-targets" value="main" />
    <property name="java.runtime.name" value="Java(TM) SE Runtime Environment" />
    <property name="sun.boot.library.path" value="/usr/lib/jvm/java-8-oracle/jre/lib/amd64" />
    <property name="java.vm.version" value="25.191-b12" />
    <property name="ant.library.dir" value="/home/tulio/.p2/pool/plugins/org.apache.ant_1.10.5.v20180808-0324/lib" />
    <property name="user.country.format" value="BR" />
    <property name="ant.version" value="Apache Ant(TM) version 1.10.5 compiled on July 10 2018" />
    <property name="ant.java.version" value="1.8" />
    <property name="java.vm.vendor" value="Oracle Corporation" />
    <property name="java.vendor.url" value="http://java.oracle.com/" />
    <property name="path.separator" value=":" />
    <property name="java.vm.name" value="Java HotSpot(TM) 64-Bit Server VM" />
    <property name="file.encoding.pkg" value="sun.io" />
    <property name="user.country" value="US" />
    <property name="sun.java.launcher" value="SUN_STANDARD" />
    <property name="sun.os.patch.level" value="unknown" />
    <property name="java.vm.specification.name" value="Java Virtual Machine Specification" />
    <property name="user.dir" value="/home/tulio/eclipse-workspace/Exercício01" />
    <property name="java.runtime.version" value="1.8.0_191-b12" />
    <property name="java.awt.graphicsenv" value="sun.awt.X11GraphicsEnvironment" />
    <property name="eclipse.pdebuild.scripts" value="/home/tulio/.p2/pool/plugins/org.eclipse.pde.build_3.10.100.v20180828-1915/scripts" />
    <property name="basedir" value="/home/tulio/eclipse-workspace/Exercício01" />
    <property name="java.endorsed.dirs" value="/usr/lib/jvm/java-8-oracle/jre/lib/endorsed" />
    <property name="os.arch" value="amd64" />
    <property name="ant.project.default-target" value="main" />
    <property name="java.io.tmpdir" value="/tmp" />
    <property name="ant.core.lib" value="/home/tulio/.p2/pool/plugins/org.apache.ant_1.10.5.v20180808-0324/lib/ant.jar" />
    <property name="line.separator" value="&#xa;" />
    <property name="java.vm.specification.vendor" value="Oracle Corporation" />
    <property name="os.name" value="Linux" />
    <property name="ant.home" value="/home/tulio/.p2/pool/plugins/org.apache.ant_1.10.5.v20180808-0324" />
    <property name="eclipse.pdebuild.templates" value="/home/tulio/.p2/pool/plugins/org.eclipse.pde.build_3.10.100.v20180828-1915/templates" />
    <property name="ant.project.name" value="Sample Project" />
    <property name="sun.jnu.encoding" value="UTF-8" />
    <property name="eclipse.pdebuild.home" value="/home/tulio/.p2/pool/plugins/org.eclipse.pde.build_3.10.100.v20180828-1915/." />
    <property name="java.library.path" value="/usr/java/packages/lib/amd64:/usr/lib64:/lib64:/lib:/usr/lib:/home/tulio/eclipse/jee-2018-09/eclipse/configuration/org.eclipse.osgi/764/0/.cp" />
    <property name="java.class.version" value="52.0" />
    <property name="java.specification.name" value="Java Platform API Specification" />
    <property name="sun.management.compiler" value="HotSpot 64-Bit Tiered Compilers" />
    <property name="os.version" value="4.15.0-38-generic" />
    <property name="ant.file" value="/home/tulio/eclipse-workspace/Exercício01/build03.xml" />
    <property name="user.home" value="/home/tulio" />
    <property name="user.timezone" value="" />
    <property name="java.awt.printerjob" value="sun.print.PSPrinterJob" />
    <property name="file.encoding" value="UTF-8" />
    <property name="java.specification.version" value="1.8" />
    <property name="java.class.path" value="/home/tulio/.p2/pool/plugins/org.apache.ant_1.10.5.v20180808-0324/lib/ant-antlr.jar:/home/tulio/.p2/pool/plugins/org.apache.ant_1.10.5.v20180808-0324/lib/ant-apache-bcel.jar:/home/tulio/.p2/pool/plugins/org.apache.ant_1.10.5.v20180808-0324/lib/ant-apache-bsf.jar:/home/tulio/.p2/pool/plugins/org.apache.ant_1.10.5.v20180808-0324/lib/ant-apache-log4j.jar:/home/tulio/.p2/pool/plugins/org.apache.ant_1.10.5.v20180808-0324/lib/ant-apache-oro.jar:/home/tulio/.p2/pool/plugins/org.apache.ant_1.10.5.v20180808-0324/lib/ant-apache-regexp.jar:/home/tulio/.p2/pool/plugins/org.apache.ant_1.10.5.v20180808-0324/lib/ant-apache-resolver.jar:/home/tulio/.p2/pool/plugins/org.apache.ant_1.10.5.v20180808-0324/lib/ant-apache-xalan2.jar:/home/tulio/.p2/pool/plugins/org.apache.ant_1.10.5.v20180808-0324/lib/ant-commons-logging.jar:/home/tulio/.p2/pool/plugins/org.apache.ant_1.10.5.v20180808-0324/lib/ant-commons-net.jar:/home/tulio/.p2/pool/plugins/org.apache.ant_1.10.5.v20180808-0324/lib/ant-jai.jar:/home/tulio/.p2/pool/plugins/org.apache.ant_1.10.5.v20180808-0324/lib/ant-javamail.jar:/home/tulio/.p2/pool/plugins/org.apache.ant_1.10.5.v20180808-0324/lib/ant-jdepend.jar:/home/tulio/.p2/pool/plugins/org.apache.ant_1.10.5.v20180808-0324/lib/ant-jmf.jar:/home/tulio/.p2/pool/plugins/org.apache.ant_1.10.5.v20180808-0324/lib/ant-jsch.jar:/home/tulio/.p2/pool/plugins/org.apache.ant_1.10.5.v20180808-0324/lib/ant-junit.jar:/home/tulio/.p2/pool/plugins/org.apache.ant_1.10.5.v20180808-0324/lib/ant-junit4.jar:/home/tulio/.p2/pool/plugins/org.apache.ant_1.10.5.v20180808-0324/lib/ant-junitlauncher.jar:/home/tulio/.p2/pool/plugins/org.apache.ant_1.10.5.v20180808-0324/lib/ant-launcher.jar:/home/tulio/.p2/pool/plugins/org.apache.ant_1.10.5.v20180808-0324/lib/ant-netrexx.jar:/home/tulio/.p2/pool/plugins/org.apache.ant_1.10.5.v20180808-0324/lib/ant-swing.jar:/home/tulio/.p2/pool/plugins/org.apache.ant_1.10.5.v20180808-0324/lib/ant-testutil.jar:/home/tulio/.p2/pool/plugins/org.apache.ant_1.10.5.v20180808-0324/lib/ant-xz.jar:/home/tulio/.p2/pool/plugins/org.apache.ant_1.10.5.v20180808-0324/lib/ant.jar:/home/tulio/eclipse/jee-2018-09/eclipse/configuration/org.eclipse.osgi/93/0/.cp/lib/antdebug.jar:/home/tulio/eclipse/jee-2018-09/eclipse/configuration/org.eclipse.osgi/93/0/.cp/lib/remote.jar:/home/tulio/eclipse/jee-2018-09/eclipse/configuration/org.eclipse.osgi/94/0/.cp/lib/remoteAnt.jar:/usr/lib/jvm/java-8-oracle/lib/tools.jar:/home/tulio/.p2/pool/plugins/org.eclipse.swt.gtk.linux.x86_64_3.108.0.v20180904-1901.jar" />
    <property name="user.name" value="tulio" />
    <property name="report.dir" value="/home/tulio/eclipse-workspace/Exercício01/testreport" />
    <property name="java.vm.specification.version" value="1.8" />
    <property name="sun.java.command" value="org.eclipse.ant.internal.launching.remote.InternalAntRunner -Dorg.eclipse.ant.core.ANT_PROCESS_ID=1541876734745 -Declipse.connect.port=34637 -Declipse.pdebuild.home=/home/tulio/.p2/pool/plugins/org.eclipse.pde.build_3.10.100.v20180828-1915/. -Declipse.pdebuild.scripts=/home/tulio/.p2/pool/plugins/org.eclipse.pde.build_3.10.100.v20180828-1915/scripts -Declipse.pdebuild.templates=/home/tulio/.p2/pool/plugins/org.eclipse.pde.build_3.10.100.v20180828-1915/templates -Dant.home=/home/tulio/.p2/pool/plugins/org.apache.ant_1.10.5.v20180808-0324 -logger org.eclipse.ant.internal.launching.remote.logger.RemoteAntBuildLogger -inputhandler org.eclipse.ant.internal.ui.antsupport.inputhandler.ProxyInputHandler -buildfile /home/tulio/eclipse-workspace/Exercício01/build03.xml" />
    <property name="sun.arch.data.model" value="64" />
    <property name="java.home" value="/usr/lib/jvm/java-8-oracle/jre" />
    <property name="java.specification.vendor" value="Oracle Corporation" />
    <property name="user.language" value="en" />
    <property name="user.language.format" value="pt" />
    <property name="awt.toolkit" value="sun.awt.X11.XToolkit" />
    <property name="java.vm.info" value="mixed mode" />
    <property name="java.version" value="1.8.0_191" />
    <property name="java.ext.dirs" value="/usr/lib/jvm/java-8-oracle/jre/lib/ext:/usr/java/packages/lib/ext" />
    <property name="sun.boot.class.path" value="/usr/lib/jvm/java-8-oracle/jre/lib/resources.jar:/usr/lib/jvm/java-8-oracle/jre/lib/rt.jar:/usr/lib/jvm/java-8-oracle/jre/lib/sunrsasign.jar:/usr/lib/jvm/java-8-oracle/jre/lib/jsse.jar:/usr/lib/jvm/java-8-oracle/jre/lib/jce.jar:/usr/lib/jvm/java-8-oracle/jre/lib/charsets.jar:/usr/lib/jvm/java-8-oracle/jre/lib/jfr.jar:/usr/lib/jvm/java-8-oracle/jre/classes" />
    <property name="java.vendor" value="Oracle Corporation" />
    <property name="file.separator" value="/" />
    <property name="ant.file.Sample Project" value="/home/tulio/eclipse-workspace/Exercício01/build03.xml" />
    <property name="java.vendor.url.bug" value="http://bugreport.sun.com/bugreport/" />
    <property name="sun.cpu.endian" value="little" />
    <property name="sun.io.unicode.encoding" value="UnicodeLittle" />
    <property name="ant.file.type.Sample Project" value="file" />
    <property name="sun.desktop" value="gnome" />
    <property name="sun.cpu.isalist" value="" />
  </properties>
  <error message="testes.TestValores" type="java.lang.ClassNotFoundException">java.lang.ClassNotFoundException: testes.TestValores
	at java.lang.ClassLoader.loadClass(ClassLoader.java:357)
	at java.lang.Class.forName0(Native Method)
	at java.lang.Class.forName(Class.java:348)
	at org.eclipse.ant.internal.launching.remote.EclipseDefaultExecutor.executeTargets(EclipseDefaultExecutor.java:36)
	at org.eclipse.ant.internal.launching.remote.InternalAntRunner.run(InternalAntRunner.java:460)
	at org.eclipse.ant.internal.launching.remote.InternalAntRunner.main(InternalAntRunner.java:142)
</error>
  <system-out><![CDATA[]]></system-out>
  <system-err><![CDATA[]]></system-err>
</testsuite>
